nohup: ignoring input
[2021-10-05 21:42:06,628] [WARNING] [runner.py:122:fetch_hostfile] Unable to find hostfile, will proceed with training with local resources only.
[2021-10-05 21:42:06,698] [INFO] [runner.py:360:main] cmd = /opt/conda/bin/python3.8 -u -m deepspeed.launcher.launch --world_info=eyJsb2NhbGhvc3QiOiBbMF19 --master_addr=127.0.0.1 --master_port=29500 cifar10_deepspeed.py --log-interval 1000 --deepspeed --deepspeed_config ds_config.json --moe --ep-world-size 1 --num-experts 4 --top-k 1 --noisy-gate-policy RSample --moe-param-group --model_path=/home/users/nus/e0792473/scratch/DeepSpeedExamples/cifar/model/moe_cnn
[2021-10-05 21:42:07,982] [INFO] [launch.py:73:main] 0 NCCL_VERSION 2.11.4
[2021-10-05 21:42:07,983] [INFO] [launch.py:80:main] WORLD INFO DICT: {'localhost': [0]}
[2021-10-05 21:42:07,983] [INFO] [launch.py:86:main] nnodes=1, num_local_procs=1, node_rank=0
[2021-10-05 21:42:07,983] [INFO] [launch.py:101:main] global_rank_mapping=defaultdict(<class 'list'>, {'localhost': [0]})
[2021-10-05 21:42:07,983] [INFO] [launch.py:102:main] dist_world_size=1
[2021-10-05 21:42:07,983] [INFO] [launch.py:104:main] Setting CUDA_VISIBLE_DEVICES=0
[2021-10-05 21:42:09,358] [INFO] [distributed.py:46:init_distributed] Initializing torch distributed with backend: nccl
Files already downloaded and verified
Files already downloaded and verified
  dog  frog   dog  ship
[2021-10-05 21:42:16,292] [INFO] [logging.py:68:log_dist] [Rank 0] initializing deepspeed groups
[2021-10-05 21:42:16,293] [INFO] [logging.py:68:log_dist] [Rank 0] initializing deepspeed model parallel group with size 1
[2021-10-05 21:42:16,294] [INFO] [logging.py:68:log_dist] [Rank 0] initializing deepspeed expert parallel group with size 1
[2021-10-05 21:42:16,294] [INFO] [logging.py:68:log_dist] [Rank 0] creating expert data parallel process group with ranks: [0]
[2021-10-05 21:42:16,294] [INFO] [logging.py:68:log_dist] [Rank 0] creating expert parallel process group with ranks: [0]
[2021-10-05 21:42:16,296] [INFO] [logging.py:68:log_dist] [Rank 0] num_experts: 4 | num_local_experts: 4 | expert_parallel_size: 1
[2021-10-05 21:42:16,301] [INFO] [logging.py:68:log_dist] [Rank 0] DeepSpeed info: version=0.5.3, git-hash=unknown, git-branch=unknown
[2021-10-05 21:42:16,871] [INFO] [engine.py:197:__init__] DeepSpeed Flops Profiler Enabled: False
Using /home/users/nus/e0792473/.cache/torch_extensions/py38_cu114 as PyTorch extensions root...
Detected CUDA files, patching ldflags
Emitting ninja build file /home/users/nus/e0792473/.cache/torch_extensions/py38_cu114/fused_adam/build.ninja...
Building extension module fused_adam...
Allowing ninja to set a default number of workers... (overridable by setting the environment variable MAX_JOBS=N)
ninja: no work to do.
Loading extension module fused_adam...
Time to load fused_adam op: 0.30095386505126953 seconds
[2021-10-05 21:42:17,819] [INFO] [engine.py:821:_configure_optimizer] Using DeepSpeed Optimizer param name adam as basic optimizer
[2021-10-05 21:42:17,820] [INFO] [engine.py:829:_configure_optimizer] DeepSpeed Basic Optimizer = FusedAdam
[2021-10-05 21:42:17,820] [INFO] [logging.py:68:log_dist] [Rank 0] Creating fp16 optimizer with dynamic loss scale
[2021-10-05 21:42:17,826] [INFO] [logging.py:68:log_dist] [Rank 0] DeepSpeed Final Optimizer = adam
[2021-10-05 21:42:17,826] [INFO] [engine.py:545:_configure_lr_scheduler] DeepSpeed using configured LR scheduler = WarmupLR
[2021-10-05 21:42:17,826] [INFO] [logging.py:68:log_dist] [Rank 0] DeepSpeed LR Scheduler = <deepspeed.runtime.lr_schedules.WarmupLR object at 0x146c80d59520>
[2021-10-05 21:42:17,826] [INFO] [logging.py:68:log_dist] [Rank 0] step=0, skipped=0, lr=[0.001, 0.001], mom=[[0.8, 0.999], [0.8, 0.999]]
[2021-10-05 21:42:17,826] [INFO] [config.py:940:print] DeepSpeedEngine configuration:
[2021-10-05 21:42:17,827] [INFO] [config.py:944:print]   activation_checkpointing_config  {
    "partition_activations": false, 
    "contiguous_memory_optimization": false, 
    "cpu_checkpointing": false, 
    "number_checkpoints": null, 
    "synchronize_checkpoint_boundary": false, 
    "profile": false
}
[2021-10-05 21:42:17,827] [INFO] [config.py:944:print]   aio_config ................... {'block_size': 1048576, 'queue_depth': 8, 'thread_count': 1, 'single_submit': False, 'overlap_events': True}
[2021-10-05 21:42:17,827] [INFO] [config.py:944:print]   allreduce_always_fp32 ........ False
[2021-10-05 21:42:17,827] [INFO] [config.py:944:print]   amp_enabled .................. False
[2021-10-05 21:42:17,827] [INFO] [config.py:944:print]   amp_params ................... False
[2021-10-05 21:42:17,827] [INFO] [config.py:944:print]   checkpoint_tag_validation_enabled  True
[2021-10-05 21:42:17,827] [INFO] [config.py:944:print]   checkpoint_tag_validation_fail  False
[2021-10-05 21:42:17,827] [INFO] [config.py:944:print]   curriculum_enabled ........... False
[2021-10-05 21:42:17,827] [INFO] [config.py:944:print]   curriculum_params ............ False
[2021-10-05 21:42:17,827] [INFO] [config.py:944:print]   dataloader_drop_last ......... False
[2021-10-05 21:42:17,827] [INFO] [config.py:944:print]   disable_allgather ............ False
[2021-10-05 21:42:17,828] [INFO] [config.py:944:print]   dump_state ................... False
[2021-10-05 21:42:17,828] [INFO] [config.py:944:print]   dynamic_loss_scale_args ...... {'init_scale': 32768, 'scale_window': 500, 'delayed_shift': 2, 'min_scale': 1}
[2021-10-05 21:42:17,828] [INFO] [config.py:944:print]   eigenvalue_enabled ........... False
[2021-10-05 21:42:17,828] [INFO] [config.py:944:print]   eigenvalue_gas_boundary_resolution  1
[2021-10-05 21:42:17,828] [INFO] [config.py:944:print]   eigenvalue_layer_name ........ bert.encoder.layer
[2021-10-05 21:42:17,828] [INFO] [config.py:944:print]   eigenvalue_layer_num ......... 0
[2021-10-05 21:42:17,828] [INFO] [config.py:944:print]   eigenvalue_max_iter .......... 100
[2021-10-05 21:42:17,828] [INFO] [config.py:944:print]   eigenvalue_stability ......... 1e-06
[2021-10-05 21:42:17,828] [INFO] [config.py:944:print]   eigenvalue_tol ............... 0.01
[2021-10-05 21:42:17,828] [INFO] [config.py:944:print]   eigenvalue_verbose ........... False
[2021-10-05 21:42:17,828] [INFO] [config.py:944:print]   elasticity_enabled ........... False
[2021-10-05 21:42:17,828] [INFO] [config.py:944:print]   flops_profiler_config ........ {
    "enabled": false, 
    "profile_step": 1, 
    "module_depth": -1, 
    "top_modules": 1, 
    "detailed": true, 
    "output_file": null
}
[2021-10-05 21:42:17,828] [INFO] [config.py:944:print]   fp16_enabled ................. True
[2021-10-05 21:42:17,828] [INFO] [config.py:944:print]   fp16_master_weights_and_gradients  False
[2021-10-05 21:42:17,828] [INFO] [config.py:944:print]   fp16_mixed_quantize .......... False
[2021-10-05 21:42:17,828] [INFO] [config.py:944:print]   global_rank .................. 0
[2021-10-05 21:42:17,828] [INFO] [config.py:944:print]   gradient_accumulation_steps .. 1
[2021-10-05 21:42:17,828] [INFO] [config.py:944:print]   gradient_clipping ............ 1.0
[2021-10-05 21:42:17,828] [INFO] [config.py:944:print]   gradient_predivide_factor .... 1.0
[2021-10-05 21:42:17,828] [INFO] [config.py:944:print]   initial_dynamic_scale ........ 32768
[2021-10-05 21:42:17,828] [INFO] [config.py:944:print]   loss_scale ................... 0
[2021-10-05 21:42:17,828] [INFO] [config.py:944:print]   memory_breakdown ............. False
[2021-10-05 21:42:17,828] [INFO] [config.py:944:print]   optimizer_legacy_fusion ...... False
[2021-10-05 21:42:17,828] [INFO] [config.py:944:print]   optimizer_name ............... adam
[2021-10-05 21:42:17,828] [INFO] [config.py:944:print]   optimizer_params ............. {'lr': 0.001, 'betas': [0.8, 0.999], 'eps': 1e-08, 'weight_decay': 3e-07}
[2021-10-05 21:42:17,828] [INFO] [config.py:944:print]   pipeline ..................... {'stages': 'auto', 'partition': 'best', 'seed_layers': False, 'activation_checkpoint_interval': 0}
[2021-10-05 21:42:17,828] [INFO] [config.py:944:print]   pld_enabled .................. False
[2021-10-05 21:42:17,829] [INFO] [config.py:944:print]   pld_params ................... False
[2021-10-05 21:42:17,829] [INFO] [config.py:944:print]   prescale_gradients ........... False
[2021-10-05 21:42:17,829] [INFO] [config.py:944:print]   quantize_change_rate ......... 0.001
[2021-10-05 21:42:17,829] [INFO] [config.py:944:print]   quantize_groups .............. 1
[2021-10-05 21:42:17,829] [INFO] [config.py:944:print]   quantize_offset .............. 1000
[2021-10-05 21:42:17,829] [INFO] [config.py:944:print]   quantize_period .............. 1000
[2021-10-05 21:42:17,829] [INFO] [config.py:944:print]   quantize_rounding ............ 0
[2021-10-05 21:42:17,829] [INFO] [config.py:944:print]   quantize_start_bits .......... 16
[2021-10-05 21:42:17,829] [INFO] [config.py:944:print]   quantize_target_bits ......... 8
[2021-10-05 21:42:17,829] [INFO] [config.py:944:print]   quantize_training_enabled .... False
[2021-10-05 21:42:17,829] [INFO] [config.py:944:print]   quantize_type ................ 0
[2021-10-05 21:42:17,829] [INFO] [config.py:944:print]   quantize_verbose ............. False
[2021-10-05 21:42:17,829] [INFO] [config.py:944:print]   scheduler_name ............... WarmupLR
[2021-10-05 21:42:17,829] [INFO] [config.py:944:print]   scheduler_params ............. {'warmup_min_lr': 0, 'warmup_max_lr': 0.001, 'warmup_num_steps': 1000}
[2021-10-05 21:42:17,829] [INFO] [config.py:944:print]   sparse_attention ............. None
[2021-10-05 21:42:17,829] [INFO] [config.py:944:print]   sparse_gradients_enabled ..... False
[2021-10-05 21:42:17,829] [INFO] [config.py:944:print]   steps_per_print .............. 2000
[2021-10-05 21:42:17,829] [INFO] [config.py:944:print]   tensorboard_enabled .......... False
[2021-10-05 21:42:17,829] [INFO] [config.py:944:print]   tensorboard_job_name ......... DeepSpeedJobName
[2021-10-05 21:42:17,829] [INFO] [config.py:944:print]   tensorboard_output_path ...... 
[2021-10-05 21:42:17,829] [INFO] [config.py:944:print]   train_batch_size ............. 16
[2021-10-05 21:42:17,829] [INFO] [config.py:944:print]   train_micro_batch_size_per_gpu  16
[2021-10-05 21:42:17,829] [INFO] [config.py:944:print]   use_quantizer_kernel ......... False
[2021-10-05 21:42:17,829] [INFO] [config.py:944:print]   wall_clock_breakdown ......... False
[2021-10-05 21:42:17,829] [INFO] [config.py:944:print]   world_size ................... 1
[2021-10-05 21:42:17,829] [INFO] [config.py:944:print]   zero_allow_untested_optimizer  False
[2021-10-05 21:42:17,830] [INFO] [config.py:944:print]   zero_config .................. {
    "stage": 0, 
    "contiguous_gradients": true, 
    "reduce_scatter": true, 
    "reduce_bucket_size": 5.000000e+07, 
    "allgather_partitions": true, 
    "allgather_bucket_size": 5.000000e+07, 
    "overlap_comm": true, 
    "load_from_fp32_weights": true, 
    "elastic_checkpoint": true, 
    "offload_param": null, 
    "offload_optimizer": null, 
    "sub_group_size": 1.000000e+09, 
    "prefetch_bucket_size": 5.000000e+07, 
    "param_persistence_threshold": 1.000000e+05, 
    "max_live_parameters": 1.000000e+09, 
    "max_reuse_distance": 1.000000e+09, 
    "gather_fp16_weights_on_model_save": false, 
    "ignore_unused_parameters": true, 
    "round_robin_gradients": false, 
    "legacy_stage1": false
}
[2021-10-05 21:42:17,830] [INFO] [config.py:944:print]   zero_enabled ................. False
[2021-10-05 21:42:17,830] [INFO] [config.py:944:print]   zero_optimization_stage ...... 0
[2021-10-05 21:42:17,830] [INFO] [config.py:946:print]   json = {
    "train_batch_size": 16, 
    "steps_per_print": 2.000000e+03, 
    "optimizer": {
        "type": "Adam", 
        "params": {
            "lr": 0.001, 
            "betas": [0.8, 0.999], 
            "eps": 1e-08, 
            "weight_decay": 3e-07
        }
    }, 
    "scheduler": {
        "type": "WarmupLR", 
        "params": {
            "warmup_min_lr": 0, 
            "warmup_max_lr": 0.001, 
            "warmup_num_steps": 1000
        }
    }, 
    "gradient_clipping": 1.0, 
    "prescale_gradients": false, 
    "fp16": {
        "enabled": true, 
        "fp16_master_weights_and_grads": false, 
        "loss_scale": 0, 
        "loss_scale_window": 500, 
        "hysteresis": 2, 
        "min_loss_scale": 1, 
        "initial_scale_power": 15
    }, 
    "wall_clock_breakdown": false, 
    "zero_optimization": {
        "stage": 0, 
        "allgather_partitions": true, 
        "reduce_scatter": true, 
        "allgather_bucket_size": 5.000000e+07, 
        "reduce_bucket_size": 5.000000e+07, 
        "overlap_comm": true, 
        "contiguous_gradients": true, 
        "cpu_offload": false
    }
}
Using /home/users/nus/e0792473/.cache/torch_extensions/py38_cu114 as PyTorch extensions root...
Emitting ninja build file /home/users/nus/e0792473/.cache/torch_extensions/py38_cu114/utils/build.ninja...
Building extension module utils...
Allowing ninja to set a default number of workers... (overridable by setting the environment variable MAX_JOBS=N)
ninja: no work to do.
Loading extension module utils...
Time to load utils op: 0.3211991786956787 seconds
fp16=True
[2021-10-05 21:42:34,625] [INFO] [fused_optimizer.py:337:_update_scale] 
Grad overflow on iteration 178
[2021-10-05 21:42:34,625] [INFO] [fused_optimizer.py:338:_update_scale] Reducing dynamic loss scale from 32768 to 16384.0
[2021-10-05 21:42:34,626] [INFO] [logging.py:68:log_dist] [Rank 0] Overflow detected. Skipping step. Attempted loss scale: 32768, reducing to 16384.0
[2021-10-05 21:42:56,400] [INFO] [fused_optimizer.py:347:_update_scale] No Grad overflow for 500 iterations
[2021-10-05 21:42:56,401] [INFO] [fused_optimizer.py:349:_update_scale] Increasing dynamic loss scale from 16384.0 to 32768.0
[2021-10-05 21:42:56,423] [INFO] [fused_optimizer.py:337:_update_scale] 
Grad overflow on iteration 681
[2021-10-05 21:42:56,423] [INFO] [fused_optimizer.py:338:_update_scale] Reducing dynamic loss scale from 32768.0 to 16384.0
[2021-10-05 21:42:56,423] [INFO] [logging.py:68:log_dist] [Rank 0] Overflow detected. Skipping step. Attempted loss scale: 32768.0, reducing to 16384.0
[2021-10-05 21:43:01,476] [INFO] [fused_optimizer.py:337:_update_scale] 
Grad overflow on iteration 941
[2021-10-05 21:43:01,476] [INFO] [fused_optimizer.py:338:_update_scale] Reducing dynamic loss scale from 16384.0 to 8192.0
[2021-10-05 21:43:01,476] [INFO] [logging.py:68:log_dist] [Rank 0] Overflow detected. Skipping step. Attempted loss scale: 16384.0, reducing to 8192.0
[1,  1000] loss: 1.104
Accuracy of the network on the 10000 test images: 61 %
[2021-10-05 21:43:40,230] [INFO] [fused_optimizer.py:347:_update_scale] No Grad overflow for 500 iterations
[2021-10-05 21:43:40,230] [INFO] [fused_optimizer.py:349:_update_scale] Increasing dynamic loss scale from 8192.0 to 16384.0
[2021-10-05 21:43:42,019] [INFO] [fused_optimizer.py:337:_update_scale] 
Grad overflow on iteration 1519
[2021-10-05 21:43:42,019] [INFO] [fused_optimizer.py:338:_update_scale] Reducing dynamic loss scale from 16384.0 to 8192.0
[2021-10-05 21:43:42,019] [INFO] [logging.py:68:log_dist] [Rank 0] Overflow detected. Skipping step. Attempted loss scale: 16384.0, reducing to 8192.0
[2021-10-05 21:44:01,103] [INFO] [logging.py:68:log_dist] [Rank 0] step=2000, skipped=4, lr=[0.001, 0.001], mom=[[0.8, 0.999], [0.8, 0.999]]
[2021-10-05 21:44:01,105] [INFO] [timer.py:157:stop] 0/2000, SamplesPerSec=418.6997579205581
[1,  2000] loss: 0.879
Accuracy of the network on the 10000 test images: 61 %
[2021-10-05 21:44:27,234] [INFO] [fused_optimizer.py:347:_update_scale] No Grad overflow for 500 iterations
[2021-10-05 21:44:27,234] [INFO] [fused_optimizer.py:349:_update_scale] Increasing dynamic loss scale from 8192.0 to 16384.0
[2021-10-05 21:44:33,600] [INFO] [fused_optimizer.py:337:_update_scale] 
Grad overflow on iteration 2154
[2021-10-05 21:44:33,600] [INFO] [fused_optimizer.py:338:_update_scale] Reducing dynamic loss scale from 16384.0 to 8192.0
[2021-10-05 21:44:33,600] [INFO] [logging.py:68:log_dist] [Rank 0] Overflow detected. Skipping step. Attempted loss scale: 16384.0, reducing to 8192.0
[2021-10-05 21:44:40,412] [INFO] [fused_optimizer.py:337:_update_scale] 
Grad overflow on iteration 2375
[2021-10-05 21:44:40,412] [INFO] [fused_optimizer.py:338:_update_scale] Reducing dynamic loss scale from 8192.0 to 4096.0
[2021-10-05 21:44:40,412] [INFO] [logging.py:68:log_dist] [Rank 0] Overflow detected. Skipping step. Attempted loss scale: 8192.0, reducing to 4096.0
Killing subprocess 57501
Traceback (most recent call last):
  File "/opt/conda/lib/python3.8/runpy.py", line 194, in _run_module_as_main
    return _run_code(code, main_globals, None,
  File "/opt/conda/lib/python3.8/runpy.py", line 87, in _run_code
    exec(code, run_globals)
  File "/home/users/nus/e0792473/.local/lib/python3.8/site-packages/deepspeed/launcher/launch.py", line 171, in <module>
    main()
  File "/home/users/nus/e0792473/.local/lib/python3.8/site-packages/deepspeed/launcher/launch.py", line 161, in main
    sigkill_handler(signal.SIGTERM, None)  # not coming back
  File "/home/users/nus/e0792473/.local/lib/python3.8/site-packages/deepspeed/launcher/launch.py", line 139, in sigkill_handler
    raise subprocess.CalledProcessError(returncode=last_return_code, cmd=cmd)
subprocess.CalledProcessError: Command '['/opt/conda/bin/python3.8', '-u', 'cifar10_deepspeed.py', '--local_rank=0', '--log-interval', '1000', '--deepspeed', '--deepspeed_config', 'ds_config.json', '--moe', '--ep-world-size', '1', '--num-experts', '4', '--top-k', '1', '--noisy-gate-policy', 'RSample', '--moe-param-group', '--model_path=/home/users/nus/e0792473/scratch/DeepSpeedExamples/cifar/model/moe_cnn']' died with <Signals.SIGKILL: 9>.
