nohup: ignoring input
[2021-10-05 20:46:51,815] [WARNING] [runner.py:122:fetch_hostfile] Unable to find hostfile, will proceed with training with local resources only.
[2021-10-05 20:46:51,876] [INFO] [runner.py:360:main] cmd = /opt/conda/bin/python3.8 -u -m deepspeed.launcher.launch --world_info=eyJsb2NhbGhvc3QiOiBbMF19 --master_addr=127.0.0.1 --master_port=29500 cifar10_deepspeed.py --log-interval 1000 --deepspeed --deepspeed_config ds_config.json --moe --ep-world-size 1 --num-experts 4 --top-k 1 --noisy-gate-policy RSample --moe-param-group --model_path=/home/users/nus/e0792473/scratch/DeepSpeedExamples/cifar/model/moe_cnn
[2021-10-05 20:46:53,160] [INFO] [launch.py:73:main] 0 NCCL_VERSION 2.11.4
[2021-10-05 20:46:53,160] [INFO] [launch.py:80:main] WORLD INFO DICT: {'localhost': [0]}
[2021-10-05 20:46:53,160] [INFO] [launch.py:86:main] nnodes=1, num_local_procs=1, node_rank=0
[2021-10-05 20:46:53,160] [INFO] [launch.py:101:main] global_rank_mapping=defaultdict(<class 'list'>, {'localhost': [0]})
[2021-10-05 20:46:53,160] [INFO] [launch.py:102:main] dist_world_size=1
[2021-10-05 20:46:53,161] [INFO] [launch.py:104:main] Setting CUDA_VISIBLE_DEVICES=0
[2021-10-05 20:46:54,509] [INFO] [distributed.py:46:init_distributed] Initializing torch distributed with backend: nccl
Files already downloaded and verified
Files already downloaded and verified
truck  ship  bird  bird
[2021-10-05 20:47:03,747] [INFO] [logging.py:68:log_dist] [Rank 0] initializing deepspeed groups
[2021-10-05 20:47:03,747] [INFO] [logging.py:68:log_dist] [Rank 0] initializing deepspeed model parallel group with size 1
[2021-10-05 20:47:03,748] [INFO] [logging.py:68:log_dist] [Rank 0] initializing deepspeed expert parallel group with size 1
[2021-10-05 20:47:03,748] [INFO] [logging.py:68:log_dist] [Rank 0] creating expert data parallel process group with ranks: [0]
[2021-10-05 20:47:03,749] [INFO] [logging.py:68:log_dist] [Rank 0] creating expert parallel process group with ranks: [0]
[2021-10-05 20:47:03,752] [INFO] [logging.py:68:log_dist] [Rank 0] num_experts: 4 | num_local_experts: 4 | expert_parallel_size: 1
[2021-10-05 20:47:03,756] [INFO] [logging.py:68:log_dist] [Rank 0] DeepSpeed info: version=0.5.3, git-hash=unknown, git-branch=unknown
[2021-10-05 20:47:04,313] [INFO] [engine.py:197:__init__] DeepSpeed Flops Profiler Enabled: False
Using /home/users/nus/e0792473/.cache/torch_extensions/py38_cu114 as PyTorch extensions root...
Detected CUDA files, patching ldflags
Emitting ninja build file /home/users/nus/e0792473/.cache/torch_extensions/py38_cu114/fused_adam/build.ninja...
Building extension module fused_adam...
Allowing ninja to set a default number of workers... (overridable by setting the environment variable MAX_JOBS=N)
ninja: no work to do.
Loading extension module fused_adam...
Time to load fused_adam op: 0.2519075870513916 seconds
[2021-10-05 20:47:05,253] [INFO] [engine.py:821:_configure_optimizer] Using DeepSpeed Optimizer param name adam as basic optimizer
[2021-10-05 20:47:05,254] [INFO] [engine.py:829:_configure_optimizer] DeepSpeed Basic Optimizer = FusedAdam
[2021-10-05 20:47:05,254] [INFO] [logging.py:68:log_dist] [Rank 0] Creating fp16 optimizer with dynamic loss scale
[2021-10-05 20:47:05,265] [INFO] [logging.py:68:log_dist] [Rank 0] DeepSpeed Final Optimizer = adam
[2021-10-05 20:47:05,265] [INFO] [engine.py:545:_configure_lr_scheduler] DeepSpeed using configured LR scheduler = WarmupLR
[2021-10-05 20:47:05,265] [INFO] [logging.py:68:log_dist] [Rank 0] DeepSpeed LR Scheduler = <deepspeed.runtime.lr_schedules.WarmupLR object at 0x14f18084c1f0>
[2021-10-05 20:47:05,265] [INFO] [logging.py:68:log_dist] [Rank 0] step=0, skipped=0, lr=[0.001, 0.001], mom=[[0.8, 0.999], [0.8, 0.999]]
[2021-10-05 20:47:05,265] [INFO] [config.py:940:print] DeepSpeedEngine configuration:
[2021-10-05 20:47:05,266] [INFO] [config.py:944:print]   activation_checkpointing_config  {
    "partition_activations": false, 
    "contiguous_memory_optimization": false, 
    "cpu_checkpointing": false, 
    "number_checkpoints": null, 
    "synchronize_checkpoint_boundary": false, 
    "profile": false
}
[2021-10-05 20:47:05,266] [INFO] [config.py:944:print]   aio_config ................... {'block_size': 1048576, 'queue_depth': 8, 'thread_count': 1, 'single_submit': False, 'overlap_events': True}
[2021-10-05 20:47:05,266] [INFO] [config.py:944:print]   allreduce_always_fp32 ........ False
[2021-10-05 20:47:05,266] [INFO] [config.py:944:print]   amp_enabled .................. False
[2021-10-05 20:47:05,266] [INFO] [config.py:944:print]   amp_params ................... False
[2021-10-05 20:47:05,266] [INFO] [config.py:944:print]   checkpoint_tag_validation_enabled  True
[2021-10-05 20:47:05,266] [INFO] [config.py:944:print]   checkpoint_tag_validation_fail  False
[2021-10-05 20:47:05,266] [INFO] [config.py:944:print]   curriculum_enabled ........... False
[2021-10-05 20:47:05,266] [INFO] [config.py:944:print]   curriculum_params ............ False
[2021-10-05 20:47:05,266] [INFO] [config.py:944:print]   dataloader_drop_last ......... False
[2021-10-05 20:47:05,266] [INFO] [config.py:944:print]   disable_allgather ............ False
[2021-10-05 20:47:05,266] [INFO] [config.py:944:print]   dump_state ................... False
[2021-10-05 20:47:05,266] [INFO] [config.py:944:print]   dynamic_loss_scale_args ...... {'init_scale': 32768, 'scale_window': 500, 'delayed_shift': 2, 'min_scale': 1}
[2021-10-05 20:47:05,266] [INFO] [config.py:944:print]   eigenvalue_enabled ........... False
[2021-10-05 20:47:05,266] [INFO] [config.py:944:print]   eigenvalue_gas_boundary_resolution  1
[2021-10-05 20:47:05,267] [INFO] [config.py:944:print]   eigenvalue_layer_name ........ bert.encoder.layer
[2021-10-05 20:47:05,267] [INFO] [config.py:944:print]   eigenvalue_layer_num ......... 0
[2021-10-05 20:47:05,267] [INFO] [config.py:944:print]   eigenvalue_max_iter .......... 100
[2021-10-05 20:47:05,267] [INFO] [config.py:944:print]   eigenvalue_stability ......... 1e-06
[2021-10-05 20:47:05,267] [INFO] [config.py:944:print]   eigenvalue_tol ............... 0.01
[2021-10-05 20:47:05,267] [INFO] [config.py:944:print]   eigenvalue_verbose ........... False
[2021-10-05 20:47:05,267] [INFO] [config.py:944:print]   elasticity_enabled ........... False
[2021-10-05 20:47:05,267] [INFO] [config.py:944:print]   flops_profiler_config ........ {
    "enabled": false, 
    "profile_step": 1, 
    "module_depth": -1, 
    "top_modules": 1, 
    "detailed": true, 
    "output_file": null
}
[2021-10-05 20:47:05,267] [INFO] [config.py:944:print]   fp16_enabled ................. True
[2021-10-05 20:47:05,267] [INFO] [config.py:944:print]   fp16_master_weights_and_gradients  False
[2021-10-05 20:47:05,267] [INFO] [config.py:944:print]   fp16_mixed_quantize .......... False
[2021-10-05 20:47:05,267] [INFO] [config.py:944:print]   global_rank .................. 0
[2021-10-05 20:47:05,267] [INFO] [config.py:944:print]   gradient_accumulation_steps .. 1
[2021-10-05 20:47:05,267] [INFO] [config.py:944:print]   gradient_clipping ............ 1.0
[2021-10-05 20:47:05,267] [INFO] [config.py:944:print]   gradient_predivide_factor .... 1.0
[2021-10-05 20:47:05,267] [INFO] [config.py:944:print]   initial_dynamic_scale ........ 32768
[2021-10-05 20:47:05,267] [INFO] [config.py:944:print]   loss_scale ................... 0
[2021-10-05 20:47:05,267] [INFO] [config.py:944:print]   memory_breakdown ............. False
[2021-10-05 20:47:05,267] [INFO] [config.py:944:print]   optimizer_legacy_fusion ...... False
[2021-10-05 20:47:05,267] [INFO] [config.py:944:print]   optimizer_name ............... adam
[2021-10-05 20:47:05,267] [INFO] [config.py:944:print]   optimizer_params ............. {'lr': 0.001, 'betas': [0.8, 0.999], 'eps': 1e-08, 'weight_decay': 3e-07}
[2021-10-05 20:47:05,267] [INFO] [config.py:944:print]   pipeline ..................... {'stages': 'auto', 'partition': 'best', 'seed_layers': False, 'activation_checkpoint_interval': 0}
[2021-10-05 20:47:05,267] [INFO] [config.py:944:print]   pld_enabled .................. False
[2021-10-05 20:47:05,267] [INFO] [config.py:944:print]   pld_params ................... False
[2021-10-05 20:47:05,268] [INFO] [config.py:944:print]   prescale_gradients ........... False
[2021-10-05 20:47:05,268] [INFO] [config.py:944:print]   quantize_change_rate ......... 0.001
[2021-10-05 20:47:05,268] [INFO] [config.py:944:print]   quantize_groups .............. 1
[2021-10-05 20:47:05,268] [INFO] [config.py:944:print]   quantize_offset .............. 1000
[2021-10-05 20:47:05,268] [INFO] [config.py:944:print]   quantize_period .............. 1000
[2021-10-05 20:47:05,268] [INFO] [config.py:944:print]   quantize_rounding ............ 0
[2021-10-05 20:47:05,268] [INFO] [config.py:944:print]   quantize_start_bits .......... 16
[2021-10-05 20:47:05,268] [INFO] [config.py:944:print]   quantize_target_bits ......... 8
[2021-10-05 20:47:05,268] [INFO] [config.py:944:print]   quantize_training_enabled .... False
[2021-10-05 20:47:05,268] [INFO] [config.py:944:print]   quantize_type ................ 0
[2021-10-05 20:47:05,268] [INFO] [config.py:944:print]   quantize_verbose ............. False
[2021-10-05 20:47:05,268] [INFO] [config.py:944:print]   scheduler_name ............... WarmupLR
[2021-10-05 20:47:05,268] [INFO] [config.py:944:print]   scheduler_params ............. {'warmup_min_lr': 0, 'warmup_max_lr': 0.001, 'warmup_num_steps': 1000}
[2021-10-05 20:47:05,268] [INFO] [config.py:944:print]   sparse_attention ............. None
[2021-10-05 20:47:05,268] [INFO] [config.py:944:print]   sparse_gradients_enabled ..... False
[2021-10-05 20:47:05,268] [INFO] [config.py:944:print]   steps_per_print .............. 2000
[2021-10-05 20:47:05,268] [INFO] [config.py:944:print]   tensorboard_enabled .......... False
[2021-10-05 20:47:05,268] [INFO] [config.py:944:print]   tensorboard_job_name ......... DeepSpeedJobName
[2021-10-05 20:47:05,268] [INFO] [config.py:944:print]   tensorboard_output_path ...... 
[2021-10-05 20:47:05,268] [INFO] [config.py:944:print]   train_batch_size ............. 16
[2021-10-05 20:47:05,268] [INFO] [config.py:944:print]   train_micro_batch_size_per_gpu  16
[2021-10-05 20:47:05,268] [INFO] [config.py:944:print]   use_quantizer_kernel ......... False
[2021-10-05 20:47:05,268] [INFO] [config.py:944:print]   wall_clock_breakdown ......... False
[2021-10-05 20:47:05,268] [INFO] [config.py:944:print]   world_size ................... 1
[2021-10-05 20:47:05,268] [INFO] [config.py:944:print]   zero_allow_untested_optimizer  False
[2021-10-05 20:47:05,269] [INFO] [config.py:944:print]   zero_config .................. {
    "stage": 0, 
    "contiguous_gradients": true, 
    "reduce_scatter": true, 
    "reduce_bucket_size": 5.000000e+07, 
    "allgather_partitions": true, 
    "allgather_bucket_size": 5.000000e+07, 
    "overlap_comm": true, 
    "load_from_fp32_weights": true, 
    "elastic_checkpoint": true, 
    "offload_param": null, 
    "offload_optimizer": null, 
    "sub_group_size": 1.000000e+09, 
    "prefetch_bucket_size": 5.000000e+07, 
    "param_persistence_threshold": 1.000000e+05, 
    "max_live_parameters": 1.000000e+09, 
    "max_reuse_distance": 1.000000e+09, 
    "gather_fp16_weights_on_model_save": false, 
    "ignore_unused_parameters": true, 
    "round_robin_gradients": false, 
    "legacy_stage1": false
}
[2021-10-05 20:47:05,269] [INFO] [config.py:944:print]   zero_enabled ................. False
[2021-10-05 20:47:05,269] [INFO] [config.py:944:print]   zero_optimization_stage ...... 0
[2021-10-05 20:47:05,269] [INFO] [config.py:946:print]   json = {
    "train_batch_size": 16, 
    "steps_per_print": 2.000000e+03, 
    "optimizer": {
        "type": "Adam", 
        "params": {
            "lr": 0.001, 
            "betas": [0.8, 0.999], 
            "eps": 1e-08, 
            "weight_decay": 3e-07
        }
    }, 
    "scheduler": {
        "type": "WarmupLR", 
        "params": {
            "warmup_min_lr": 0, 
            "warmup_max_lr": 0.001, 
            "warmup_num_steps": 1000
        }
    }, 
    "gradient_clipping": 1.0, 
    "prescale_gradients": false, 
    "fp16": {
        "enabled": true, 
        "fp16_master_weights_and_grads": false, 
        "loss_scale": 0, 
        "loss_scale_window": 500, 
        "hysteresis": 2, 
        "min_loss_scale": 1, 
        "initial_scale_power": 15
    }, 
    "wall_clock_breakdown": false, 
    "zero_optimization": {
        "stage": 0, 
        "allgather_partitions": true, 
        "reduce_scatter": true, 
        "allgather_bucket_size": 5.000000e+07, 
        "reduce_bucket_size": 5.000000e+07, 
        "overlap_comm": true, 
        "contiguous_gradients": true, 
        "cpu_offload": false
    }
}
Using /home/users/nus/e0792473/.cache/torch_extensions/py38_cu114 as PyTorch extensions root...
Emitting ninja build file /home/users/nus/e0792473/.cache/torch_extensions/py38_cu114/utils/build.ninja...
Building extension module utils...
Allowing ninja to set a default number of workers... (overridable by setting the environment variable MAX_JOBS=N)
ninja: no work to do.
Loading extension module utils...
Time to load utils op: 0.24052190780639648 seconds
fp16=True
[2021-10-05 20:47:33,705] [INFO] [fused_optimizer.py:337:_update_scale] 
Grad overflow on iteration 456
[2021-10-05 20:47:33,705] [INFO] [fused_optimizer.py:338:_update_scale] Reducing dynamic loss scale from 32768 to 16384.0
[2021-10-05 20:47:33,705] [INFO] [logging.py:68:log_dist] [Rank 0] Overflow detected. Skipping step. Attempted loss scale: 32768, reducing to 16384.0
[2021-10-05 20:47:51,533] [INFO] [fused_optimizer.py:347:_update_scale] No Grad overflow for 500 iterations
[2021-10-05 20:47:51,534] [INFO] [fused_optimizer.py:349:_update_scale] Increasing dynamic loss scale from 16384.0 to 32768.0
[2021-10-05 20:47:51,630] [INFO] [fused_optimizer.py:337:_update_scale] 
Grad overflow on iteration 967
[2021-10-05 20:47:51,631] [INFO] [fused_optimizer.py:338:_update_scale] Reducing dynamic loss scale from 32768.0 to 16384.0
[2021-10-05 20:47:51,631] [INFO] [logging.py:68:log_dist] [Rank 0] Overflow detected. Skipping step. Attempted loss scale: 32768.0, reducing to 16384.0
[1,  1000] loss: 1.927
Accuracy of the network on the 10000 test images: 36 %
[2021-10-05 20:48:22,659] [INFO] [fused_optimizer.py:337:_update_scale] 
Grad overflow on iteration 1211
[2021-10-05 20:48:22,659] [INFO] [fused_optimizer.py:338:_update_scale] Reducing dynamic loss scale from 16384.0 to 8192.0
[2021-10-05 20:48:22,660] [INFO] [logging.py:68:log_dist] [Rank 0] Overflow detected. Skipping step. Attempted loss scale: 16384.0, reducing to 8192.0
[2021-10-05 20:48:39,813] [INFO] [fused_optimizer.py:347:_update_scale] No Grad overflow for 500 iterations
[2021-10-05 20:48:39,814] [INFO] [fused_optimizer.py:349:_update_scale] Increasing dynamic loss scale from 8192.0 to 16384.0
[2021-10-05 20:48:50,503] [INFO] [logging.py:68:log_dist] [Rank 0] step=2000, skipped=3, lr=[0.001, 0.001], mom=[[0.8, 0.999], [0.8, 0.999]]
[2021-10-05 20:48:50,505] [INFO] [timer.py:157:stop] 0/2000, SamplesPerSec=449.37671951973397
[1,  2000] loss: 1.640
Accuracy of the network on the 10000 test images: 42 %
[2021-10-05 20:49:26,863] [INFO] [fused_optimizer.py:347:_update_scale] No Grad overflow for 500 iterations
[2021-10-05 20:49:26,864] [INFO] [fused_optimizer.py:349:_update_scale] Increasing dynamic loss scale from 16384.0 to 32768.0
[2021-10-05 20:49:27,103] [INFO] [fused_optimizer.py:337:_update_scale] 
Grad overflow on iteration 2216
[2021-10-05 20:49:27,104] [INFO] [fused_optimizer.py:338:_update_scale] Reducing dynamic loss scale from 32768.0 to 16384.0
[2021-10-05 20:49:27,104] [INFO] [logging.py:68:log_dist] [Rank 0] Overflow detected. Skipping step. Attempted loss scale: 32768.0, reducing to 16384.0
[2021-10-05 20:49:38,504] [INFO] [fused_optimizer.py:337:_update_scale] 
Grad overflow on iteration 2640
[2021-10-05 20:49:38,504] [INFO] [fused_optimizer.py:338:_update_scale] Reducing dynamic loss scale from 16384.0 to 8192.0
[2021-10-05 20:49:38,504] [INFO] [logging.py:68:log_dist] [Rank 0] Overflow detected. Skipping step. Attempted loss scale: 16384.0, reducing to 8192.0
[1,  3000] loss: 1.519
Accuracy of the network on the 10000 test images: 46 %
[2021-10-05 20:50:20,210] [INFO] [fused_optimizer.py:347:_update_scale] No Grad overflow for 500 iterations
[2021-10-05 20:50:20,210] [INFO] [fused_optimizer.py:349:_update_scale] Increasing dynamic loss scale from 8192.0 to 16384.0
[2021-10-05 20:50:20,695] [INFO] [fused_optimizer.py:337:_update_scale] 
Grad overflow on iteration 3186
[2021-10-05 20:50:20,696] [INFO] [fused_optimizer.py:338:_update_scale] Reducing dynamic loss scale from 16384.0 to 8192.0
[2021-10-05 20:50:20,696] [INFO] [logging.py:68:log_dist] [Rank 0] Overflow detected. Skipping step. Attempted loss scale: 16384.0, reducing to 8192.0
[2021-10-05 20:50:34,629] [INFO] [fused_optimizer.py:347:_update_scale] No Grad overflow for 500 iterations
[2021-10-05 20:50:34,629] [INFO] [fused_optimizer.py:349:_update_scale] Increasing dynamic loss scale from 8192.0 to 16384.0
[2021-10-05 20:50:45,617] [INFO] [logging.py:68:log_dist] [Rank 0] step=4000, skipped=6, lr=[0.001, 0.001], mom=[[0.8, 0.999], [0.8, 0.999]]
[2021-10-05 20:50:45,619] [INFO] [timer.py:157:stop] 0/4000, SamplesPerSec=457.859109579543
[2,  1000] loss: 1.430
Accuracy of the network on the 10000 test images: 48 %
[2021-10-05 20:51:17,375] [INFO] [fused_optimizer.py:347:_update_scale] No Grad overflow for 500 iterations
[2021-10-05 20:51:17,376] [INFO] [fused_optimizer.py:349:_update_scale] Increasing dynamic loss scale from 16384.0 to 32768.0
[2021-10-05 20:51:18,100] [INFO] [fused_optimizer.py:337:_update_scale] 
Grad overflow on iteration 4201
[2021-10-05 20:51:18,100] [INFO] [fused_optimizer.py:338:_update_scale] Reducing dynamic loss scale from 32768.0 to 16384.0
[2021-10-05 20:51:18,100] [INFO] [logging.py:68:log_dist] [Rank 0] Overflow detected. Skipping step. Attempted loss scale: 32768.0, reducing to 16384.0
[2021-10-05 20:51:37,242] [INFO] [fused_optimizer.py:347:_update_scale] No Grad overflow for 500 iterations
[2021-10-05 20:51:37,242] [INFO] [fused_optimizer.py:349:_update_scale] Increasing dynamic loss scale from 16384.0 to 32768.0
[2021-10-05 20:51:37,340] [INFO] [fused_optimizer.py:337:_update_scale] 
Grad overflow on iteration 4704
[2021-10-05 20:51:37,340] [INFO] [fused_optimizer.py:338:_update_scale] Reducing dynamic loss scale from 32768.0 to 16384.0
[2021-10-05 20:51:37,340] [INFO] [logging.py:68:log_dist] [Rank 0] Overflow detected. Skipping step. Attempted loss scale: 32768.0, reducing to 16384.0
[2,  2000] loss: 1.386
Accuracy of the network on the 10000 test images: 52 %
[2021-10-05 20:52:24,545] [INFO] [fused_optimizer.py:347:_update_scale] No Grad overflow for 500 iterations
[2021-10-05 20:52:24,546] [INFO] [fused_optimizer.py:349:_update_scale] Increasing dynamic loss scale from 16384.0 to 32768.0
[2021-10-05 20:52:24,932] [INFO] [fused_optimizer.py:337:_update_scale] 
Grad overflow on iteration 5215
[2021-10-05 20:52:24,932] [INFO] [fused_optimizer.py:338:_update_scale] Reducing dynamic loss scale from 32768.0 to 16384.0
[2021-10-05 20:52:24,932] [INFO] [logging.py:68:log_dist] [Rank 0] Overflow detected. Skipping step. Attempted loss scale: 32768.0, reducing to 16384.0
[2021-10-05 20:52:38,335] [INFO] [fused_optimizer.py:337:_update_scale] 
Grad overflow on iteration 5530
[2021-10-05 20:52:38,336] [INFO] [fused_optimizer.py:338:_update_scale] Reducing dynamic loss scale from 16384.0 to 8192.0
[2021-10-05 20:52:38,336] [INFO] [logging.py:68:log_dist] [Rank 0] Overflow detected. Skipping step. Attempted loss scale: 16384.0, reducing to 8192.0
[2021-10-05 20:52:49,327] [INFO] [logging.py:68:log_dist] [Rank 0] step=6000, skipped=10, lr=[0.001, 0.001], mom=[[0.8, 0.999], [0.8, 0.999]]
[2021-10-05 20:52:49,327] [INFO] [timer.py:157:stop] 0/6000, SamplesPerSec=446.03015380570247
[2021-10-05 20:52:49,685] [INFO] [fused_optimizer.py:347:_update_scale] No Grad overflow for 500 iterations
[2021-10-05 20:52:49,685] [INFO] [fused_optimizer.py:349:_update_scale] Increasing dynamic loss scale from 8192.0 to 16384.0
[2,  3000] loss: 1.323
Accuracy of the network on the 10000 test images: 53 %
[2021-10-05 20:53:25,618] [INFO] [fused_optimizer.py:337:_update_scale] 
Grad overflow on iteration 6440
[2021-10-05 20:53:25,618] [INFO] [fused_optimizer.py:338:_update_scale] Reducing dynamic loss scale from 16384.0 to 8192.0
[2021-10-05 20:53:25,618] [INFO] [logging.py:68:log_dist] [Rank 0] Overflow detected. Skipping step. Attempted loss scale: 16384.0, reducing to 8192.0
[2021-10-05 20:53:44,483] [INFO] [fused_optimizer.py:347:_update_scale] No Grad overflow for 500 iterations
[2021-10-05 20:53:44,484] [INFO] [fused_optimizer.py:349:_update_scale] Increasing dynamic loss scale from 8192.0 to 16384.0
[2021-10-05 20:53:54,975] [INFO] [fused_optimizer.py:337:_update_scale] 
Grad overflow on iteration 7197
[2021-10-05 20:53:54,975] [INFO] [fused_optimizer.py:338:_update_scale] Reducing dynamic loss scale from 16384.0 to 8192.0
[2021-10-05 20:53:54,975] [INFO] [logging.py:68:log_dist] [Rank 0] Overflow detected. Skipping step. Attempted loss scale: 16384.0, reducing to 8192.0
[3,  1000] loss: 1.280
Accuracy of the network on the 10000 test images: 54 %
[2021-10-05 20:54:39,901] [INFO] [fused_optimizer.py:347:_update_scale] No Grad overflow for 500 iterations
[2021-10-05 20:54:39,901] [INFO] [fused_optimizer.py:349:_update_scale] Increasing dynamic loss scale from 8192.0 to 16384.0
[2021-10-05 20:54:49,567] [INFO] [fused_optimizer.py:337:_update_scale] 
Grad overflow on iteration 7900
[2021-10-05 20:54:49,567] [INFO] [fused_optimizer.py:338:_update_scale] Reducing dynamic loss scale from 16384.0 to 8192.0
[2021-10-05 20:54:49,567] [INFO] [logging.py:68:log_dist] [Rank 0] Overflow detected. Skipping step. Attempted loss scale: 16384.0, reducing to 8192.0
[2021-10-05 20:54:51,078] [INFO] [logging.py:68:log_dist] [Rank 0] step=8000, skipped=13, lr=[0.001, 0.001], mom=[[0.8, 0.999], [0.8, 0.999]]
[2021-10-05 20:54:51,079] [INFO] [timer.py:157:stop] 0/8000, SamplesPerSec=443.91813617467966
[3,  2000] loss: 1.262
Accuracy of the network on the 10000 test images: 55 %
[2021-10-05 20:55:27,647] [INFO] [fused_optimizer.py:347:_update_scale] No Grad overflow for 500 iterations
[2021-10-05 20:55:27,647] [INFO] [fused_optimizer.py:349:_update_scale] Increasing dynamic loss scale from 8192.0 to 16384.0
[2021-10-05 20:55:40,475] [INFO] [fused_optimizer.py:337:_update_scale] 
Grad overflow on iteration 8625
[2021-10-05 20:55:40,475] [INFO] [fused_optimizer.py:338:_update_scale] Reducing dynamic loss scale from 16384.0 to 8192.0
[2021-10-05 20:55:40,475] [INFO] [logging.py:68:log_dist] [Rank 0] Overflow detected. Skipping step. Attempted loss scale: 16384.0, reducing to 8192.0
[2021-10-05 20:55:55,235] [INFO] [fused_optimizer.py:347:_update_scale] No Grad overflow for 500 iterations
[2021-10-05 20:55:55,235] [INFO] [fused_optimizer.py:349:_update_scale] Increasing dynamic loss scale from 8192.0 to 16384.0
[2021-10-05 20:55:55,599] [INFO] [fused_optimizer.py:337:_update_scale] 
Grad overflow on iteration 9157
[2021-10-05 20:55:55,599] [INFO] [fused_optimizer.py:338:_update_scale] Reducing dynamic loss scale from 16384.0 to 8192.0
[2021-10-05 20:55:55,599] [INFO] [logging.py:68:log_dist] [Rank 0] Overflow detected. Skipping step. Attempted loss scale: 16384.0, reducing to 8192.0
[3,  3000] loss: 1.219
Accuracy of the network on the 10000 test images: 54 %
[2021-10-05 20:56:38,101] [INFO] [fused_optimizer.py:347:_update_scale] No Grad overflow for 500 iterations
[2021-10-05 20:56:38,101] [INFO] [fused_optimizer.py:349:_update_scale] Increasing dynamic loss scale from 8192.0 to 16384.0
[2021-10-05 20:56:40,654] [INFO] [fused_optimizer.py:337:_update_scale] 
Grad overflow on iteration 9721
[2021-10-05 20:56:40,654] [INFO] [fused_optimizer.py:338:_update_scale] Reducing dynamic loss scale from 16384.0 to 8192.0
[2021-10-05 20:56:40,654] [INFO] [logging.py:68:log_dist] [Rank 0] Overflow detected. Skipping step. Attempted loss scale: 16384.0, reducing to 8192.0
[2021-10-05 20:56:51,692] [INFO] [logging.py:68:log_dist] [Rank 0] step=10000, skipped=16, lr=[0.001, 0.001], mom=[[0.8, 0.999], [0.8, 0.999]]
[2021-10-05 20:56:51,693] [INFO] [timer.py:157:stop] 0/10000, SamplesPerSec=451.8325258773311
[2021-10-05 20:57:01,605] [INFO] [fused_optimizer.py:347:_update_scale] No Grad overflow for 500 iterations
[2021-10-05 20:57:01,605] [INFO] [fused_optimizer.py:349:_update_scale] Increasing dynamic loss scale from 8192.0 to 16384.0
[2021-10-05 20:57:05,705] [INFO] [fused_optimizer.py:337:_update_scale] 
Grad overflow on iteration 10322
[2021-10-05 20:57:05,706] [INFO] [fused_optimizer.py:338:_update_scale] Reducing dynamic loss scale from 16384.0 to 8192.0
[2021-10-05 20:57:05,706] [INFO] [logging.py:68:log_dist] [Rank 0] Overflow detected. Skipping step. Attempted loss scale: 16384.0, reducing to 8192.0
[4,  1000] loss: 1.178
Accuracy of the network on the 10000 test images: 56 %
[2021-10-05 20:57:52,155] [INFO] [fused_optimizer.py:347:_update_scale] No Grad overflow for 500 iterations
[2021-10-05 20:57:52,156] [INFO] [fused_optimizer.py:349:_update_scale] Increasing dynamic loss scale from 8192.0 to 16384.0
[2021-10-05 20:57:59,974] [INFO] [fused_optimizer.py:337:_update_scale] 
Grad overflow on iteration 11025
[2021-10-05 20:57:59,975] [INFO] [fused_optimizer.py:338:_update_scale] Reducing dynamic loss scale from 16384.0 to 8192.0
[2021-10-05 20:57:59,975] [INFO] [logging.py:68:log_dist] [Rank 0] Overflow detected. Skipping step. Attempted loss scale: 16384.0, reducing to 8192.0
[4,  2000] loss: 1.175
Accuracy of the network on the 10000 test images: 56 %
[2021-10-05 20:58:37,816] [INFO] [fused_optimizer.py:347:_update_scale] No Grad overflow for 500 iterations
[2021-10-05 20:58:37,816] [INFO] [fused_optimizer.py:349:_update_scale] Increasing dynamic loss scale from 8192.0 to 16384.0
[2021-10-05 20:58:38,430] [INFO] [fused_optimizer.py:337:_update_scale] 
Grad overflow on iteration 11537
[2021-10-05 20:58:38,430] [INFO] [fused_optimizer.py:338:_update_scale] Reducing dynamic loss scale from 16384.0 to 8192.0
[2021-10-05 20:58:38,430] [INFO] [logging.py:68:log_dist] [Rank 0] Overflow detected. Skipping step. Attempted loss scale: 16384.0, reducing to 8192.0
[2021-10-05 20:58:53,607] [INFO] [logging.py:68:log_dist] [Rank 0] step=12000, skipped=19, lr=[0.001, 0.001], mom=[[0.8, 0.999], [0.8, 0.999]]
[2021-10-05 20:58:53,607] [INFO] [timer.py:157:stop] 0/12000, SamplesPerSec=441.47720491037336
[2021-10-05 20:58:56,020] [INFO] [fused_optimizer.py:347:_update_scale] No Grad overflow for 500 iterations
[2021-10-05 20:58:56,021] [INFO] [fused_optimizer.py:349:_update_scale] Increasing dynamic loss scale from 8192.0 to 16384.0
[2021-10-05 20:58:59,807] [INFO] [fused_optimizer.py:337:_update_scale] 
Grad overflow on iteration 12193
[2021-10-05 20:58:59,807] [INFO] [fused_optimizer.py:338:_update_scale] Reducing dynamic loss scale from 16384.0 to 8192.0
[2021-10-05 20:58:59,807] [INFO] [logging.py:68:log_dist] [Rank 0] Overflow detected. Skipping step. Attempted loss scale: 16384.0, reducing to 8192.0
[4,  3000] loss: 1.144
Accuracy of the network on the 10000 test images: 58 %
[2021-10-05 20:59:45,378] [INFO] [fused_optimizer.py:347:_update_scale] No Grad overflow for 500 iterations
[2021-10-05 20:59:45,378] [INFO] [fused_optimizer.py:349:_update_scale] Increasing dynamic loss scale from 8192.0 to 16384.0
[2021-10-05 20:59:45,982] [INFO] [fused_optimizer.py:337:_update_scale] 
Grad overflow on iteration 12745
[2021-10-05 20:59:45,982] [INFO] [fused_optimizer.py:338:_update_scale] Reducing dynamic loss scale from 16384.0 to 8192.0
[2021-10-05 20:59:45,983] [INFO] [logging.py:68:log_dist] [Rank 0] Overflow detected. Skipping step. Attempted loss scale: 16384.0, reducing to 8192.0
[2021-10-05 21:00:07,603] [INFO] [fused_optimizer.py:347:_update_scale] No Grad overflow for 500 iterations
[2021-10-05 21:00:07,603] [INFO] [fused_optimizer.py:349:_update_scale] Increasing dynamic loss scale from 8192.0 to 16384.0
[2021-10-05 21:00:08,804] [INFO] [fused_optimizer.py:337:_update_scale] 
Grad overflow on iteration 13294
[2021-10-05 21:00:08,804] [INFO] [fused_optimizer.py:338:_update_scale] Reducing dynamic loss scale from 16384.0 to 8192.0
[2021-10-05 21:00:08,804] [INFO] [logging.py:68:log_dist] [Rank 0] Overflow detected. Skipping step. Attempted loss scale: 16384.0, reducing to 8192.0
[5,  1000] loss: 1.107
Accuracy of the network on the 10000 test images: 57 %
[2021-10-05 21:00:48,596] [INFO] [fused_optimizer.py:347:_update_scale] No Grad overflow for 500 iterations
[2021-10-05 21:00:48,596] [INFO] [fused_optimizer.py:349:_update_scale] Increasing dynamic loss scale from 8192.0 to 16384.0
[2021-10-05 21:00:48,631] [INFO] [fused_optimizer.py:337:_update_scale] 
Grad overflow on iteration 13798
[2021-10-05 21:00:48,631] [INFO] [fused_optimizer.py:338:_update_scale] Reducing dynamic loss scale from 16384.0 to 8192.0
[2021-10-05 21:00:48,631] [INFO] [logging.py:68:log_dist] [Rank 0] Overflow detected. Skipping step. Attempted loss scale: 16384.0, reducing to 8192.0
[2021-10-05 21:00:54,509] [INFO] [logging.py:68:log_dist] [Rank 0] step=14000, skipped=23, lr=[0.001, 0.001], mom=[[0.8, 0.999], [0.8, 0.999]]
[2021-10-05 21:00:54,511] [INFO] [timer.py:157:stop] 0/14000, SamplesPerSec=441.9988708722173
[2021-10-05 21:01:15,111] [INFO] [fused_optimizer.py:347:_update_scale] No Grad overflow for 500 iterations
[2021-10-05 21:01:15,111] [INFO] [fused_optimizer.py:349:_update_scale] Increasing dynamic loss scale from 8192.0 to 16384.0
[5,  2000] loss: 1.109
Accuracy of the network on the 10000 test images: 58 %
[2021-10-05 21:01:42,805] [INFO] [fused_optimizer.py:337:_update_scale] 
Grad overflow on iteration 14593
[2021-10-05 21:01:42,805] [INFO] [fused_optimizer.py:338:_update_scale] Reducing dynamic loss scale from 16384.0 to 8192.0
[2021-10-05 21:01:42,805] [INFO] [logging.py:68:log_dist] [Rank 0] Overflow detected. Skipping step. Attempted loss scale: 16384.0, reducing to 8192.0
[2021-10-05 21:02:03,131] [INFO] [fused_optimizer.py:347:_update_scale] No Grad overflow for 500 iterations
[2021-10-05 21:02:03,131] [INFO] [fused_optimizer.py:349:_update_scale] Increasing dynamic loss scale from 8192.0 to 16384.0
[2021-10-05 21:02:04,358] [INFO] [fused_optimizer.py:337:_update_scale] 
Grad overflow on iteration 15114
[2021-10-05 21:02:04,358] [INFO] [fused_optimizer.py:338:_update_scale] Reducing dynamic loss scale from 16384.0 to 8192.0
[2021-10-05 21:02:04,358] [INFO] [logging.py:68:log_dist] [Rank 0] Overflow detected. Skipping step. Attempted loss scale: 16384.0, reducing to 8192.0
[5,  3000] loss: 1.080
Accuracy of the network on the 10000 test images: 59 %
[2021-10-05 21:02:51,529] [INFO] [fused_optimizer.py:347:_update_scale] No Grad overflow for 500 iterations
[2021-10-05 21:02:51,530] [INFO] [fused_optimizer.py:349:_update_scale] Increasing dynamic loss scale from 8192.0 to 16384.0
[2021-10-05 21:02:53,038] [INFO] [fused_optimizer.py:337:_update_scale] 
Grad overflow on iteration 15652
[2021-10-05 21:02:53,039] [INFO] [fused_optimizer.py:338:_update_scale] Reducing dynamic loss scale from 16384.0 to 8192.0
[2021-10-05 21:02:53,039] [INFO] [logging.py:68:log_dist] [Rank 0] Overflow detected. Skipping step. Attempted loss scale: 16384.0, reducing to 8192.0
[2021-10-05 21:03:07,154] [INFO] [logging.py:68:log_dist] [Rank 0] step=16000, skipped=26, lr=[0.001, 0.001], mom=[[0.8, 0.999], [0.8, 0.999]]
[2021-10-05 21:03:07,155] [INFO] [timer.py:157:stop] 0/16000, SamplesPerSec=430.0055215513978
[2021-10-05 21:03:12,796] [INFO] [fused_optimizer.py:347:_update_scale] No Grad overflow for 500 iterations
[2021-10-05 21:03:12,797] [INFO] [fused_optimizer.py:349:_update_scale] Increasing dynamic loss scale from 8192.0 to 16384.0
[2021-10-05 21:03:17,040] [INFO] [fused_optimizer.py:337:_update_scale] 
Grad overflow on iteration 16342
[2021-10-05 21:03:17,040] [INFO] [fused_optimizer.py:338:_update_scale] Reducing dynamic loss scale from 16384.0 to 8192.0
[2021-10-05 21:03:17,040] [INFO] [logging.py:68:log_dist] [Rank 0] Overflow detected. Skipping step. Attempted loss scale: 16384.0, reducing to 8192.0
[6,  1000] loss: 1.047
Accuracy of the network on the 10000 test images: 58 %
[2021-10-05 21:04:03,176] [INFO] [fused_optimizer.py:347:_update_scale] No Grad overflow for 500 iterations
[2021-10-05 21:04:03,176] [INFO] [fused_optimizer.py:349:_update_scale] Increasing dynamic loss scale from 8192.0 to 16384.0
[2021-10-05 21:04:03,947] [INFO] [fused_optimizer.py:337:_update_scale] 
Grad overflow on iteration 16908
[2021-10-05 21:04:03,948] [INFO] [fused_optimizer.py:338:_update_scale] Reducing dynamic loss scale from 16384.0 to 8192.0
[2021-10-05 21:04:03,948] [INFO] [logging.py:68:log_dist] [Rank 0] Overflow detected. Skipping step. Attempted loss scale: 16384.0, reducing to 8192.0
[2021-10-05 21:04:11,991] [INFO] [fused_optimizer.py:347:_update_scale] No Grad overflow for 500 iterations
[2021-10-05 21:04:11,992] [INFO] [fused_optimizer.py:349:_update_scale] Increasing dynamic loss scale from 8192.0 to 16384.0
[2021-10-05 21:04:15,862] [INFO] [fused_optimizer.py:337:_update_scale] 
Grad overflow on iteration 17505
[2021-10-05 21:04:15,862] [INFO] [fused_optimizer.py:338:_update_scale] Reducing dynamic loss scale from 16384.0 to 8192.0
[2021-10-05 21:04:15,862] [INFO] [logging.py:68:log_dist] [Rank 0] Overflow detected. Skipping step. Attempted loss scale: 16384.0, reducing to 8192.0
[6,  2000] loss: 1.054
Accuracy of the network on the 10000 test images: 59 %
[2021-10-05 21:05:00,960] [INFO] [logging.py:68:log_dist] [Rank 0] step=18000, skipped=29, lr=[0.001, 0.001], mom=[[0.8, 0.999], [0.8, 0.999]]
[2021-10-05 21:05:00,961] [INFO] [timer.py:157:stop] 0/18000, SamplesPerSec=435.31513291691243
[2021-10-05 21:05:01,455] [INFO] [fused_optimizer.py:347:_update_scale] No Grad overflow for 500 iterations
[2021-10-05 21:05:01,455] [INFO] [fused_optimizer.py:349:_update_scale] Increasing dynamic loss scale from 8192.0 to 16384.0
[2021-10-05 21:05:01,899] [INFO] [fused_optimizer.py:337:_update_scale] 
Grad overflow on iteration 18014
[2021-10-05 21:05:01,899] [INFO] [fused_optimizer.py:338:_update_scale] Reducing dynamic loss scale from 16384.0 to 8192.0
[2021-10-05 21:05:01,899] [INFO] [logging.py:68:log_dist] [Rank 0] Overflow detected. Skipping step. Attempted loss scale: 16384.0, reducing to 8192.0
[2021-10-05 21:05:22,016] [INFO] [fused_optimizer.py:347:_update_scale] No Grad overflow for 500 iterations
[2021-10-05 21:05:22,016] [INFO] [fused_optimizer.py:349:_update_scale] Increasing dynamic loss scale from 8192.0 to 16384.0
[2021-10-05 21:05:23,115] [INFO] [fused_optimizer.py:337:_update_scale] 
Grad overflow on iteration 18532
[2021-10-05 21:05:23,115] [INFO] [fused_optimizer.py:338:_update_scale] Reducing dynamic loss scale from 16384.0 to 8192.0
[2021-10-05 21:05:23,115] [INFO] [logging.py:68:log_dist] [Rank 0] Overflow detected. Skipping step. Attempted loss scale: 16384.0, reducing to 8192.0
[6,  3000] loss: 1.027
Accuracy of the network on the 10000 test images: 58 %
[2021-10-05 21:06:07,653] [INFO] [fused_optimizer.py:347:_update_scale] No Grad overflow for 500 iterations
[2021-10-05 21:06:07,654] [INFO] [fused_optimizer.py:349:_update_scale] Increasing dynamic loss scale from 8192.0 to 16384.0
[2021-10-05 21:06:09,814] [INFO] [fused_optimizer.py:337:_update_scale] 
Grad overflow on iteration 19096
[2021-10-05 21:06:09,814] [INFO] [fused_optimizer.py:338:_update_scale] Reducing dynamic loss scale from 16384.0 to 8192.0
[2021-10-05 21:06:09,814] [INFO] [logging.py:68:log_dist] [Rank 0] Overflow detected. Skipping step. Attempted loss scale: 16384.0, reducing to 8192.0
[2021-10-05 21:06:30,308] [INFO] [fused_optimizer.py:347:_update_scale] No Grad overflow for 500 iterations
[2021-10-05 21:06:30,308] [INFO] [fused_optimizer.py:349:_update_scale] Increasing dynamic loss scale from 8192.0 to 16384.0
[2021-10-05 21:06:30,934] [INFO] [fused_optimizer.py:337:_update_scale] 
Grad overflow on iteration 19650
[2021-10-05 21:06:30,934] [INFO] [fused_optimizer.py:338:_update_scale] Reducing dynamic loss scale from 16384.0 to 8192.0
[2021-10-05 21:06:30,934] [INFO] [logging.py:68:log_dist] [Rank 0] Overflow detected. Skipping step. Attempted loss scale: 16384.0, reducing to 8192.0
[7,  1000] loss: 1.001
Accuracy of the network on the 10000 test images: 59 %
[2021-10-05 21:07:00,837] [INFO] [logging.py:68:log_dist] [Rank 0] step=20000, skipped=33, lr=[0.001, 0.001], mom=[[0.8, 0.999], [0.8, 0.999]]
[2021-10-05 21:07:00,838] [INFO] [timer.py:157:stop] 0/20000, SamplesPerSec=432.48102197273914
[2021-10-05 21:07:11,557] [INFO] [fused_optimizer.py:347:_update_scale] No Grad overflow for 500 iterations
[2021-10-05 21:07:11,558] [INFO] [fused_optimizer.py:349:_update_scale] Increasing dynamic loss scale from 8192.0 to 16384.0
[2021-10-05 21:07:11,621] [INFO] [fused_optimizer.py:337:_update_scale] 
Grad overflow on iteration 20157
[2021-10-05 21:07:11,621] [INFO] [fused_optimizer.py:338:_update_scale] Reducing dynamic loss scale from 16384.0 to 8192.0
[2021-10-05 21:07:11,621] [INFO] [logging.py:68:log_dist] [Rank 0] Overflow detected. Skipping step. Attempted loss scale: 16384.0, reducing to 8192.0
[2021-10-05 21:07:32,991] [INFO] [fused_optimizer.py:347:_update_scale] No Grad overflow for 500 iterations
[2021-10-05 21:07:32,991] [INFO] [fused_optimizer.py:349:_update_scale] Increasing dynamic loss scale from 8192.0 to 16384.0
[2021-10-05 21:07:35,518] [INFO] [fused_optimizer.py:337:_update_scale] 
Grad overflow on iteration 20700
[2021-10-05 21:07:35,518] [INFO] [fused_optimizer.py:338:_update_scale] Reducing dynamic loss scale from 16384.0 to 8192.0
[2021-10-05 21:07:35,518] [INFO] [logging.py:68:log_dist] [Rank 0] Overflow detected. Skipping step. Attempted loss scale: 16384.0, reducing to 8192.0
[7,  2000] loss: 1.005
Accuracy of the network on the 10000 test images: 59 %
[2021-10-05 21:08:24,710] [INFO] [fused_optimizer.py:347:_update_scale] No Grad overflow for 500 iterations
[2021-10-05 21:08:24,710] [INFO] [fused_optimizer.py:349:_update_scale] Increasing dynamic loss scale from 8192.0 to 16384.0
[2021-10-05 21:08:24,782] [INFO] [fused_optimizer.py:337:_update_scale] 
Grad overflow on iteration 21207
[2021-10-05 21:08:24,782] [INFO] [fused_optimizer.py:338:_update_scale] Reducing dynamic loss scale from 16384.0 to 8192.0
[2021-10-05 21:08:24,782] [INFO] [logging.py:68:log_dist] [Rank 0] Overflow detected. Skipping step. Attempted loss scale: 16384.0, reducing to 8192.0
[2021-10-05 21:08:42,091] [INFO] [fused_optimizer.py:347:_update_scale] No Grad overflow for 500 iterations
[2021-10-05 21:08:42,091] [INFO] [fused_optimizer.py:349:_update_scale] Increasing dynamic loss scale from 8192.0 to 16384.0
[2021-10-05 21:08:43,081] [INFO] [fused_optimizer.py:337:_update_scale] 
Grad overflow on iteration 21736
[2021-10-05 21:08:43,081] [INFO] [fused_optimizer.py:338:_update_scale] Reducing dynamic loss scale from 16384.0 to 8192.0
[2021-10-05 21:08:43,081] [INFO] [logging.py:68:log_dist] [Rank 0] Overflow detected. Skipping step. Attempted loss scale: 16384.0, reducing to 8192.0
[7,  3000] loss: 0.978
Accuracy of the network on the 10000 test images: 59 %
[2021-10-05 21:09:19,205] [INFO] [logging.py:68:log_dist] [Rank 0] step=22000, skipped=37, lr=[0.001, 0.001], mom=[[0.8, 0.999], [0.8, 0.999]]
[2021-10-05 21:09:19,207] [INFO] [timer.py:157:stop] 0/22000, SamplesPerSec=425.4604452527031
[2021-10-05 21:09:27,518] [INFO] [fused_optimizer.py:347:_update_scale] No Grad overflow for 500 iterations
[2021-10-05 21:09:27,518] [INFO] [fused_optimizer.py:349:_update_scale] Increasing dynamic loss scale from 8192.0 to 16384.0
[2021-10-05 21:09:28,406] [INFO] [fused_optimizer.py:337:_update_scale] 
Grad overflow on iteration 22254
[2021-10-05 21:09:28,406] [INFO] [fused_optimizer.py:338:_update_scale] Reducing dynamic loss scale from 16384.0 to 8192.0
[2021-10-05 21:09:28,406] [INFO] [logging.py:68:log_dist] [Rank 0] Overflow detected. Skipping step. Attempted loss scale: 16384.0, reducing to 8192.0
[2021-10-05 21:09:41,710] [INFO] [fused_optimizer.py:347:_update_scale] No Grad overflow for 500 iterations
[2021-10-05 21:09:41,710] [INFO] [fused_optimizer.py:349:_update_scale] Increasing dynamic loss scale from 8192.0 to 16384.0
[2021-10-05 21:09:41,804] [INFO] [fused_optimizer.py:337:_update_scale] 
Grad overflow on iteration 22764
[2021-10-05 21:09:41,804] [INFO] [fused_optimizer.py:338:_update_scale] Reducing dynamic loss scale from 16384.0 to 8192.0
[2021-10-05 21:09:41,804] [INFO] [logging.py:68:log_dist] [Rank 0] Overflow detected. Skipping step. Attempted loss scale: 16384.0, reducing to 8192.0
[8,  1000] loss: 0.966
Accuracy of the network on the 10000 test images: 59 %
[2021-10-05 21:10:21,184] [INFO] [fused_optimizer.py:347:_update_scale] No Grad overflow for 500 iterations
[2021-10-05 21:10:21,184] [INFO] [fused_optimizer.py:349:_update_scale] Increasing dynamic loss scale from 8192.0 to 16384.0
[2021-10-05 21:10:21,632] [INFO] [fused_optimizer.py:337:_update_scale] 
Grad overflow on iteration 23280
[2021-10-05 21:10:21,633] [INFO] [fused_optimizer.py:338:_update_scale] Reducing dynamic loss scale from 16384.0 to 8192.0
[2021-10-05 21:10:21,633] [INFO] [logging.py:68:log_dist] [Rank 0] Overflow detected. Skipping step. Attempted loss scale: 16384.0, reducing to 8192.0
[2021-10-05 21:10:43,099] [INFO] [fused_optimizer.py:347:_update_scale] No Grad overflow for 500 iterations
[2021-10-05 21:10:43,099] [INFO] [fused_optimizer.py:349:_update_scale] Increasing dynamic loss scale from 8192.0 to 16384.0
[2021-10-05 21:10:45,485] [INFO] [fused_optimizer.py:337:_update_scale] 
Grad overflow on iteration 23840
[2021-10-05 21:10:45,485] [INFO] [fused_optimizer.py:338:_update_scale] Reducing dynamic loss scale from 16384.0 to 8192.0
[2021-10-05 21:10:45,486] [INFO] [logging.py:68:log_dist] [Rank 0] Overflow detected. Skipping step. Attempted loss scale: 16384.0, reducing to 8192.0
[8,  2000] loss: 0.965
Accuracy of the network on the 10000 test images: 60 %
[2021-10-05 21:11:13,868] [INFO] [logging.py:68:log_dist] [Rank 0] step=24000, skipped=41, lr=[0.001, 0.001], mom=[[0.8, 0.999], [0.8, 0.999]]
[2021-10-05 21:11:13,869] [INFO] [timer.py:157:stop] 0/24000, SamplesPerSec=427.9558249872873
[2021-10-05 21:11:24,478] [INFO] [fused_optimizer.py:337:_update_scale] 
Grad overflow on iteration 24250
[2021-10-05 21:11:24,478] [INFO] [fused_optimizer.py:338:_update_scale] Reducing dynamic loss scale from 8192.0 to 4096.0
[2021-10-05 21:11:24,478] [INFO] [logging.py:68:log_dist] [Rank 0] Overflow detected. Skipping step. Attempted loss scale: 8192.0, reducing to 4096.0
[2021-10-05 21:11:41,362] [INFO] [fused_optimizer.py:347:_update_scale] No Grad overflow for 500 iterations
[2021-10-05 21:11:41,362] [INFO] [fused_optimizer.py:349:_update_scale] Increasing dynamic loss scale from 4096.0 to 8192.0
[2021-10-05 21:11:43,255] [INFO] [fused_optimizer.py:337:_update_scale] 
Grad overflow on iteration 24817
[2021-10-05 21:11:43,255] [INFO] [fused_optimizer.py:338:_update_scale] Reducing dynamic loss scale from 8192.0 to 4096.0
[2021-10-05 21:11:43,255] [INFO] [logging.py:68:log_dist] [Rank 0] Overflow detected. Skipping step. Attempted loss scale: 8192.0, reducing to 4096.0
[8,  3000] loss: 0.943
Accuracy of the network on the 10000 test images: 60 %
[2021-10-05 21:12:17,091] [INFO] [fused_optimizer.py:347:_update_scale] No Grad overflow for 500 iterations
[2021-10-05 21:12:17,091] [INFO] [fused_optimizer.py:349:_update_scale] Increasing dynamic loss scale from 4096.0 to 8192.0
[2021-10-05 21:12:36,954] [INFO] [fused_optimizer.py:347:_update_scale] No Grad overflow for 500 iterations
[2021-10-05 21:12:36,955] [INFO] [fused_optimizer.py:349:_update_scale] Increasing dynamic loss scale from 8192.0 to 16384.0
[2021-10-05 21:12:38,661] [INFO] [fused_optimizer.py:337:_update_scale] 
Grad overflow on iteration 25845
[2021-10-05 21:12:38,661] [INFO] [fused_optimizer.py:338:_update_scale] Reducing dynamic loss scale from 16384.0 to 8192.0
[2021-10-05 21:12:38,662] [INFO] [logging.py:68:log_dist] [Rank 0] Overflow detected. Skipping step. Attempted loss scale: 16384.0, reducing to 8192.0
[2021-10-05 21:12:44,672] [INFO] [fused_optimizer.py:337:_update_scale] 
Grad overflow on iteration 25951
[2021-10-05 21:12:44,672] [INFO] [fused_optimizer.py:338:_update_scale] Reducing dynamic loss scale from 8192.0 to 4096.0
[2021-10-05 21:12:44,672] [INFO] [logging.py:68:log_dist] [Rank 0] Overflow detected. Skipping step. Attempted loss scale: 8192.0, reducing to 4096.0
[2021-10-05 21:12:46,332] [INFO] [logging.py:68:log_dist] [Rank 0] step=26000, skipped=45, lr=[0.001, 0.001], mom=[[0.8, 0.999], [0.8, 0.999]]
[2021-10-05 21:12:46,333] [INFO] [timer.py:157:stop] 0/26000, SamplesPerSec=431.35696910261885
[9,  1000] loss: 0.926
Accuracy of the network on the 10000 test images: 59 %
[2021-10-05 21:13:26,948] [INFO] [fused_optimizer.py:347:_update_scale] No Grad overflow for 500 iterations
[2021-10-05 21:13:26,948] [INFO] [fused_optimizer.py:349:_update_scale] Increasing dynamic loss scale from 4096.0 to 8192.0
[2021-10-05 21:13:51,449] [INFO] [fused_optimizer.py:347:_update_scale] No Grad overflow for 500 iterations
[2021-10-05 21:13:51,449] [INFO] [fused_optimizer.py:349:_update_scale] Increasing dynamic loss scale from 8192.0 to 16384.0
[2021-10-05 21:13:52,371] [INFO] [fused_optimizer.py:337:_update_scale] 
Grad overflow on iteration 26977
[2021-10-05 21:13:52,371] [INFO] [fused_optimizer.py:338:_update_scale] Reducing dynamic loss scale from 16384.0 to 8192.0
[2021-10-05 21:13:52,371] [INFO] [logging.py:68:log_dist] [Rank 0] Overflow detected. Skipping step. Attempted loss scale: 16384.0, reducing to 8192.0
[9,  2000] loss: 0.937
Accuracy of the network on the 10000 test images: 60 %
[2021-10-05 21:14:33,367] [INFO] [fused_optimizer.py:337:_update_scale] 
Grad overflow on iteration 27375
[2021-10-05 21:14:33,367] [INFO] [fused_optimizer.py:338:_update_scale] Reducing dynamic loss scale from 8192.0 to 4096.0
[2021-10-05 21:14:33,367] [INFO] [logging.py:68:log_dist] [Rank 0] Overflow detected. Skipping step. Attempted loss scale: 8192.0, reducing to 4096.0
[2021-10-05 21:14:51,548] [INFO] [fused_optimizer.py:347:_update_scale] No Grad overflow for 500 iterations
[2021-10-05 21:14:51,548] [INFO] [fused_optimizer.py:349:_update_scale] Increasing dynamic loss scale from 4096.0 to 8192.0
[2021-10-05 21:14:52,585] [INFO] [fused_optimizer.py:337:_update_scale] 
Grad overflow on iteration 27907
[2021-10-05 21:14:52,585] [INFO] [fused_optimizer.py:338:_update_scale] Reducing dynamic loss scale from 8192.0 to 4096.0
[2021-10-05 21:14:52,585] [INFO] [logging.py:68:log_dist] [Rank 0] Overflow detected. Skipping step. Attempted loss scale: 8192.0, reducing to 4096.0
[2021-10-05 21:14:55,009] [INFO] [logging.py:68:log_dist] [Rank 0] step=28000, skipped=48, lr=[0.001, 0.001], mom=[[0.8, 0.999], [0.8, 0.999]]
[2021-10-05 21:14:55,009] [INFO] [timer.py:157:stop] 0/28000, SamplesPerSec=429.212978754691
[9,  3000] loss: 0.904
Accuracy of the network on the 10000 test images: 59 %
[2021-10-05 21:15:29,613] [INFO] [fused_optimizer.py:347:_update_scale] No Grad overflow for 500 iterations
[2021-10-05 21:15:29,614] [INFO] [fused_optimizer.py:349:_update_scale] Increasing dynamic loss scale from 4096.0 to 8192.0
[2021-10-05 21:15:30,318] [INFO] [fused_optimizer.py:337:_update_scale] 
Grad overflow on iteration 28471
[2021-10-05 21:15:30,318] [INFO] [fused_optimizer.py:338:_update_scale] Reducing dynamic loss scale from 8192.0 to 4096.0
[2021-10-05 21:15:30,319] [INFO] [logging.py:68:log_dist] [Rank 0] Overflow detected. Skipping step. Attempted loss scale: 8192.0, reducing to 4096.0
[2021-10-05 21:15:49,074] [INFO] [fused_optimizer.py:347:_update_scale] No Grad overflow for 500 iterations
[2021-10-05 21:15:49,074] [INFO] [fused_optimizer.py:349:_update_scale] Increasing dynamic loss scale from 4096.0 to 8192.0
[10,  1000] loss: 0.892
Accuracy of the network on the 10000 test images: 59 %
[2021-10-05 21:16:34,996] [INFO] [fused_optimizer.py:347:_update_scale] No Grad overflow for 500 iterations
[2021-10-05 21:16:34,996] [INFO] [fused_optimizer.py:349:_update_scale] Increasing dynamic loss scale from 8192.0 to 16384.0
[2021-10-05 21:16:35,766] [INFO] [fused_optimizer.py:337:_update_scale] 
Grad overflow on iteration 29485
[2021-10-05 21:16:35,766] [INFO] [fused_optimizer.py:338:_update_scale] Reducing dynamic loss scale from 16384.0 to 8192.0
[2021-10-05 21:16:35,766] [INFO] [logging.py:68:log_dist] [Rank 0] Overflow detected. Skipping step. Attempted loss scale: 16384.0, reducing to 8192.0
[2021-10-05 21:16:57,048] [INFO] [fused_optimizer.py:347:_update_scale] No Grad overflow for 500 iterations
[2021-10-05 21:16:57,049] [INFO] [fused_optimizer.py:349:_update_scale] Increasing dynamic loss scale from 8192.0 to 16384.0
[2021-10-05 21:16:57,113] [INFO] [fused_optimizer.py:337:_update_scale] 
Grad overflow on iteration 29992
[2021-10-05 21:16:57,114] [INFO] [fused_optimizer.py:338:_update_scale] Reducing dynamic loss scale from 16384.0 to 8192.0
[2021-10-05 21:16:57,114] [INFO] [logging.py:68:log_dist] [Rank 0] Overflow detected. Skipping step. Attempted loss scale: 16384.0, reducing to 8192.0
[2021-10-05 21:16:57,191] [INFO] [logging.py:68:log_dist] [Rank 0] step=30000, skipped=51, lr=[0.001, 0.001], mom=[[0.8, 0.999], [0.8, 0.999]]
[2021-10-05 21:16:57,191] [INFO] [timer.py:157:stop] 0/30000, SamplesPerSec=428.7656638069272
[10,  2000] loss: 0.906
Accuracy of the network on the 10000 test images: 59 %
[2021-10-05 21:17:36,237] [INFO] [fused_optimizer.py:337:_update_scale] 
Grad overflow on iteration 30312
[2021-10-05 21:17:36,238] [INFO] [fused_optimizer.py:338:_update_scale] Reducing dynamic loss scale from 8192.0 to 4096.0
[2021-10-05 21:17:36,238] [INFO] [logging.py:68:log_dist] [Rank 0] Overflow detected. Skipping step. Attempted loss scale: 8192.0, reducing to 4096.0
[2021-10-05 21:17:50,930] [INFO] [fused_optimizer.py:347:_update_scale] No Grad overflow for 500 iterations
[2021-10-05 21:17:50,930] [INFO] [fused_optimizer.py:349:_update_scale] Increasing dynamic loss scale from 4096.0 to 8192.0
[2021-10-05 21:17:54,067] [INFO] [fused_optimizer.py:337:_update_scale] 
Grad overflow on iteration 31032
[2021-10-05 21:17:54,068] [INFO] [fused_optimizer.py:338:_update_scale] Reducing dynamic loss scale from 8192.0 to 4096.0
[2021-10-05 21:17:54,068] [INFO] [logging.py:68:log_dist] [Rank 0] Overflow detected. Skipping step. Attempted loss scale: 8192.0, reducing to 4096.0
[10,  3000] loss: 0.879
Accuracy of the network on the 10000 test images: 60 %
Finished Training
GroundTruth:    cat  ship  ship plane
Traceback (most recent call last):
  File "cifar10_deepspeed.py", line 401, in <module>
    _, predicted = torch.max(outputs, 1)
TypeError: max() received an invalid combination of arguments - got (tuple, int), but expected one of:
 * (Tensor input)
 * (Tensor input, Tensor other, *, Tensor out)
 * (Tensor input, int dim, bool keepdim, *, tuple of Tensors out)
 * (Tensor input, name dim, bool keepdim, *, tuple of Tensors out)

Killing subprocess 22736
Traceback (most recent call last):
  File "/opt/conda/lib/python3.8/runpy.py", line 194, in _run_module_as_main
    return _run_code(code, main_globals, None,
  File "/opt/conda/lib/python3.8/runpy.py", line 87, in _run_code
    exec(code, run_globals)
  File "/home/users/nus/e0792473/.local/lib/python3.8/site-packages/deepspeed/launcher/launch.py", line 171, in <module>
    main()
  File "/home/users/nus/e0792473/.local/lib/python3.8/site-packages/deepspeed/launcher/launch.py", line 161, in main
    sigkill_handler(signal.SIGTERM, None)  # not coming back
  File "/home/users/nus/e0792473/.local/lib/python3.8/site-packages/deepspeed/launcher/launch.py", line 139, in sigkill_handler
    raise subprocess.CalledProcessError(returncode=last_return_code, cmd=cmd)
subprocess.CalledProcessError: Command '['/opt/conda/bin/python3.8', '-u', 'cifar10_deepspeed.py', '--local_rank=0', '--log-interval', '1000', '--deepspeed', '--deepspeed_config', 'ds_config.json', '--moe', '--ep-world-size', '1', '--num-experts', '4', '--top-k', '1', '--noisy-gate-policy', 'RSample', '--moe-param-group', '--model_path=/home/users/nus/e0792473/scratch/DeepSpeedExamples/cifar/model/moe_cnn']' returned non-zero exit status 1.
